{
  "RSpec": {
    "coverage": {
      "/Users/ablythe/src/feb/battleship/player.rb": [
        1,
        1,
        1,
        24,
        24,
        24,
        24,
        null,
        null,
        1,
        28,
        null,
        null,
        1,
        2,
        null,
        null,
        1,
        0,
        null,
        null,
        1,
        0,
        null,
        null,
        1,
        3,
        null,
        null,
        1,
        16,
        null,
        null,
        1,
        4,
        4,
        4,
        1,
        1,
        1,
        null,
        null,
        null,
        null,
        null,
        null,
        null,
        null,
        null,
        null,
        null,
        null,
        3,
        null,
        4,
        null,
        null,
        null,
        1,
        14,
        14,
        14,
        14,
        14,
        14,
        null,
        null,
        1,
        2,
        2,
        2,
        2,
        2,
        null,
        null,
        null,
        1,
        4,
        4,
        4,
        4,
        4,
        4,
        2,
        1,
        0,
        null,
        1,
        null,
        null,
        1,
        null,
        null,
        2,
        1,
        4,
        1,
        null,
        4,
        null,
        null,
        1,
        null,
        null,
        4,
        null,
        null,
        1,
        4,
        4,
        4,
        4,
        4,
        4,
        4,
        3,
        9,
        9,
        null,
        null,
        1,
        2,
        2,
        null,
        null,
        null,
        null,
        1,
        2,
        2,
        null,
        null
      ],
      "/Users/ablythe/src/feb/battleship/battleship.rb": [
        1,
        1,
        4,
        4,
        null,
        null,
        null,
        1,
        1,
        null,
        null,
        1,
        1,
        null,
        null,
        1,
        3,
        1,
        1,
        2,
        1,
        1,
        null,
        1,
        null,
        null,
        null,
        1,
        2,
        null,
        null,
        null
      ],
      "/Users/ablythe/src/feb/battleship/board.rb": [
        1,
        1,
        48,
        null,
        null,
        1,
        30,
        null,
        null,
        1,
        0,
        0,
        0,
        null,
        0,
        null,
        null,
        null
      ],
      "/Users/ablythe/src/feb/battleship/ships.rb": [
        1,
        1,
        null,
        24,
        null,
        null,
        1,
        null,
        3,
        null,
        null,
        1,
        22,
        null,
        null,
        1,
        12,
        null,
        null,
        null,
        null
      ]
    },
    "timestamp": 1423451566
  }
}
